Determining if the pthread_create exist failed with the following output:
Change Dir: /home/soohyoen/catkin_ws/build/CMakeFiles/CMakeTmp

Run Build Command:"/usr/bin/make" "cmTC_863b8/fast"
/usr/bin/make -f CMakeFiles/cmTC_863b8.dir/build.make CMakeFiles/cmTC_863b8.dir/build
make[1]: Entering directory '/home/soohyoen/catkin_ws/build/CMakeFiles/CMakeTmp'
Building C object CMakeFiles/cmTC_863b8.dir/CheckSymbolExists.c.o
/usr/bin/cc    -o CMakeFiles/cmTC_863b8.dir/CheckSymbolExists.c.o   -c /home/soohyoen/catkin_ws/build/CMakeFiles/CMakeTmp/CheckSymbolExists.c
Linking C executable cmTC_863b8
/usr/bin/cmake -E cmake_link_script CMakeFiles/cmTC_863b8.dir/link.txt --verbose=1
/usr/bin/cc      -rdynamic CMakeFiles/cmTC_863b8.dir/CheckSymbolExists.c.o  -o cmTC_863b8 
CMakeFiles/cmTC_863b8.dir/CheckSymbolExists.c.o: In function `main':
CheckSymbolExists.c:(.text+0x1b): undefined reference to `pthread_create'
collect2: error: ld returned 1 exit status
CMakeFiles/cmTC_863b8.dir/build.make:97: recipe for target 'cmTC_863b8' failed
make[1]: *** [cmTC_863b8] Error 1
make[1]: Leaving directory '/home/soohyoen/catkin_ws/build/CMakeFiles/CMakeTmp'
Makefile:126: recipe for target 'cmTC_863b8/fast' failed
make: *** [cmTC_863b8/fast] Error 2

File /home/soohyoen/catkin_ws/build/CMakeFiles/CMakeTmp/CheckSymbolExists.c:
/* */
#include <pthread.h>

int main(int argc, char** argv)
{
  (void)argv;
#ifndef pthread_create
  return ((int*)(&pthread_create))[argc];
#else
  (void)argc;
  return 0;
#endif
}

Determining if the function pthread_create exists in the pthreads failed with the following output:
Change Dir: /home/soohyoen/catkin_ws/build/CMakeFiles/CMakeTmp

Run Build Command:"/usr/bin/make" "cmTC_0d7ca/fast"
/usr/bin/make -f CMakeFiles/cmTC_0d7ca.dir/build.make CMakeFiles/cmTC_0d7ca.dir/build
make[1]: Entering directory '/home/soohyoen/catkin_ws/build/CMakeFiles/CMakeTmp'
Building C object CMakeFiles/cmTC_0d7ca.dir/CheckFunctionExists.c.o
/usr/bin/cc   -DCHECK_FUNCTION_EXISTS=pthread_create   -o CMakeFiles/cmTC_0d7ca.dir/CheckFunctionExists.c.o   -c /usr/share/cmake-3.10/Modules/CheckFunctionExists.c
Linking C executable cmTC_0d7ca
/usr/bin/cmake -E cmake_link_script CMakeFiles/cmTC_0d7ca.dir/link.txt --verbose=1
/usr/bin/cc  -DCHECK_FUNCTION_EXISTS=pthread_create    -rdynamic CMakeFiles/cmTC_0d7ca.dir/CheckFunctionExists.c.o  -o cmTC_0d7ca -lpthreads 
/usr/bin/ld: cannot find -lpthreads
collect2: error: ld returned 1 exit status
CMakeFiles/cmTC_0d7ca.dir/build.make:97: recipe for target 'cmTC_0d7ca' failed
make[1]: *** [cmTC_0d7ca] Error 1
make[1]: Leaving directory '/home/soohyoen/catkin_ws/build/CMakeFiles/CMakeTmp'
Makefile:126: recipe for target 'cmTC_0d7ca/fast' failed
make: *** [cmTC_0d7ca/fast] Error 2


